<?xml version="1.0" encoding="UTF-8"?>
<testng-results skipped="0" failed="0" total="1" passed="1">
  <reporter-output>
  </reporter-output>
  <suite name="Default suite" duration-ms="25189" started-at="2016-12-19T10:38:13Z" finished-at="2016-12-19T10:38:38Z">
    <groups>
    </groups>
    <test name="Default test" duration-ms="25189" started-at="2016-12-19T10:38:13Z" finished-at="2016-12-19T10:38:38Z">
      <class name="com.xavient.test.script.Test_View15">
        <test-method status="PASS" signature="Before_Test(java.lang.String)[pri:0, instance:com.xavient.test.script.Test_View15@2d127a61]" name="Before_Test" is-config="true" duration-ms="21805" started-at="2016-12-19T16:08:13Z" finished-at="2016-12-19T16:08:35Z">
          <params>
            <param index="0">
              <value>
                <![CDATA[Chrome]]>
              </value>
            </param>
          </params>
          <reporter-output>
          </reporter-output>
        </test-method> <!-- Before_Test -->
        <test-method status="PASS" signature="view3_validate_table_data()[pri:0, instance:com.xavient.test.script.Test_View15@2d127a61]" name="view3_validate_table_data" duration-ms="3182" started-at="2016-12-19T16:08:35Z" finished-at="2016-12-19T16:08:38Z">
          <reporter-output>
          </reporter-output>
        </test-method> <!-- view3_validate_table_data -->
        <test-method status="PASS" signature="After_Test()[pri:0, instance:com.xavient.test.script.Test_View15@2d127a61]" name="After_Test" is-config="true" duration-ms="181" started-at="2016-12-19T16:08:38Z" finished-at="2016-12-19T16:08:38Z">
          <reporter-output>
          </reporter-output>
        </test-method> <!-- After_Test -->
      </class> <!-- com.xavient.test.script.Test_View15 -->
    </test> <!-- Default test -->
  </suite> <!-- Default suite -->
</testng-results>
