<?xml version="1.0" encoding="UTF-8"?>
<!-- Generated by org.testng.reporters.JUnitXMLReporter -->
<testsuite hostname="xen-260" name="Login" tests="1" failures="1" timestamp="16 Dec 2016 07:06:29 GMT" time="13.412" errors="0">
  <testcase name="view1_validate_table_data" time="0.319" classname="com.xavient.test.script.Test_View1">
    <failure type="java.lang.AssertionError" message="Table Names are different expected [Residential EMC Summary View] but found [Residential EMC Summary View]">
      <![CDATA[java.lang.AssertionError: Table Names are different expected [Residential EMC Summary View] but found [Residential EMC Summary View]
	at com.xavient.util.Helper.validate_table_names(Helper.java:87)
	at com.xavient.test.script.Test_View1.view1_validate_table_data(Test_View1.java:52)
	at java.util.concurrent.FutureTask.run(FutureTask.java:266)
	at java.util.concurrent.ThreadPoolExecutor.runWorker(ThreadPoolExecutor.java:1142)
	at java.util.concurrent.ThreadPoolExecutor$Worker.run(ThreadPoolExecutor.java:617)
	at java.lang.Thread.run(Thread.java:745)
... Removed 21 stack frames]]>
    </failure>
  </testcase> <!-- view1_validate_table_data -->
</testsuite> <!-- Login -->
